{"D:\\My_Projects\\Full_Stack_open_2021\\part_5\\notes\\src\\App.js": {"path":"D:\\My_Projects\\Full_Stack_open_2021\\part_5\\notes\\src\\App.js","statementMap":{"0":{"start":{"line":11,"column":12},"end":{"line":128,"column":1}},"1":{"start":{"line":12,"column":28},"end":{"line":12,"column":40}},"2":{"start":{"line":13,"column":32},"end":{"line":13,"column":46}},"3":{"start":{"line":14,"column":41},"end":{"line":14,"column":55}},"4":{"start":{"line":15,"column":26},"end":{"line":15,"column":40}},"5":{"start":{"line":16,"column":22},"end":{"line":16,"column":30}},"6":{"start":{"line":18,"column":2},"end":{"line":24,"column":8}},"7":{"start":{"line":19,"column":4},"end":{"line":23,"column":8}},"8":{"start":{"line":22,"column":8},"end":{"line":22,"column":30}},"9":{"start":{"line":26,"column":2},"end":{"line":33,"column":8}},"10":{"start":{"line":27,"column":27},"end":{"line":27,"column":75}},"11":{"start":{"line":28,"column":4},"end":{"line":32,"column":5}},"12":{"start":{"line":29,"column":19},"end":{"line":29,"column":45}},"13":{"start":{"line":30,"column":6},"end":{"line":30,"column":19}},"14":{"start":{"line":31,"column":6},"end":{"line":31,"column":38}},"15":{"start":{"line":35,"column":18},"end":{"line":42,"column":3}},"16":{"start":{"line":36,"column":4},"end":{"line":36,"column":42}},"17":{"start":{"line":37,"column":4},"end":{"line":41,"column":8}},"18":{"start":{"line":40,"column":8},"end":{"line":40,"column":44}},"19":{"start":{"line":44,"column":22},"end":{"line":46,"column":51}},"20":{"start":{"line":46,"column":27},"end":{"line":46,"column":50}},"21":{"start":{"line":48,"column":29},"end":{"line":66,"column":3}},"22":{"start":{"line":49,"column":17},"end":{"line":49,"column":45}},"23":{"start":{"line":49,"column":33},"end":{"line":49,"column":44}},"24":{"start":{"line":50,"column":23},"end":{"line":50,"column":59}},"25":{"start":{"line":52,"column":4},"end":{"line":65,"column":8}},"26":{"start":{"line":55,"column":8},"end":{"line":55,"column":71}},"27":{"start":{"line":55,"column":35},"end":{"line":55,"column":69}},"28":{"start":{"line":58,"column":8},"end":{"line":60,"column":9}},"29":{"start":{"line":61,"column":8},"end":{"line":63,"column":16}},"30":{"start":{"line":62,"column":10},"end":{"line":62,"column":31}},"31":{"start":{"line":64,"column":8},"end":{"line":64,"column":48}},"32":{"start":{"line":64,"column":35},"end":{"line":64,"column":46}},"33":{"start":{"line":68,"column":22},"end":{"line":82,"column":3}},"34":{"start":{"line":69,"column":4},"end":{"line":81,"column":5}},"35":{"start":{"line":70,"column":19},"end":{"line":70,"column":54}},"36":{"start":{"line":71,"column":6},"end":{"line":73,"column":7}},"37":{"start":{"line":74,"column":6},"end":{"line":74,"column":38}},"38":{"start":{"line":75,"column":6},"end":{"line":75,"column":19}},"39":{"start":{"line":77,"column":6},"end":{"line":77,"column":42}},"40":{"start":{"line":78,"column":6},"end":{"line":80,"column":14}},"41":{"start":{"line":79,"column":8},"end":{"line":79,"column":29}},"42":{"start":{"line":84,"column":20},"end":{"line":91,"column":3}},"43":{"start":{"line":85,"column":4},"end":{"line":90,"column":16}},"44":{"start":{"line":92,"column":19},"end":{"line":96,"column":3}},"45":{"start":{"line":93,"column":4},"end":{"line":95,"column":16}},"46":{"start":{"line":98,"column":2},"end":{"line":127,"column":3}},"47":{"start":{"line":112,"column":31},"end":{"line":112,"column":51}},"48":{"start":{"line":118,"column":10},"end":{"line":122,"column":12}},"49":{"start":{"line":121,"column":36},"end":{"line":121,"column":63}}},"fnMap":{"0":{"name":"(anonymous_0)","decl":{"start":{"line":11,"column":12},"end":{"line":11,"column":13}},"loc":{"start":{"line":11,"column":18},"end":{"line":128,"column":1}},"line":11},"1":{"name":"(anonymous_1)","decl":{"start":{"line":18,"column":12},"end":{"line":18,"column":13}},"loc":{"start":{"line":18,"column":18},"end":{"line":24,"column":3}},"line":18},"2":{"name":"(anonymous_2)","decl":{"start":{"line":21,"column":12},"end":{"line":21,"column":13}},"loc":{"start":{"line":21,"column":30},"end":{"line":23,"column":7}},"line":21},"3":{"name":"(anonymous_3)","decl":{"start":{"line":26,"column":12},"end":{"line":26,"column":13}},"loc":{"start":{"line":26,"column":18},"end":{"line":33,"column":3}},"line":26},"4":{"name":"(anonymous_4)","decl":{"start":{"line":35,"column":18},"end":{"line":35,"column":19}},"loc":{"start":{"line":35,"column":34},"end":{"line":42,"column":3}},"line":35},"5":{"name":"(anonymous_5)","decl":{"start":{"line":39,"column":12},"end":{"line":39,"column":13}},"loc":{"start":{"line":39,"column":28},"end":{"line":41,"column":7}},"line":39},"6":{"name":"(anonymous_6)","decl":{"start":{"line":46,"column":19},"end":{"line":46,"column":20}},"loc":{"start":{"line":46,"column":27},"end":{"line":46,"column":50}},"line":46},"7":{"name":"(anonymous_7)","decl":{"start":{"line":48,"column":29},"end":{"line":48,"column":30}},"loc":{"start":{"line":48,"column":37},"end":{"line":66,"column":3}},"line":48},"8":{"name":"(anonymous_8)","decl":{"start":{"line":49,"column":28},"end":{"line":49,"column":29}},"loc":{"start":{"line":49,"column":33},"end":{"line":49,"column":44}},"line":49},"9":{"name":"(anonymous_9)","decl":{"start":{"line":54,"column":12},"end":{"line":54,"column":13}},"loc":{"start":{"line":54,"column":26},"end":{"line":56,"column":7}},"line":54},"10":{"name":"(anonymous_10)","decl":{"start":{"line":55,"column":27},"end":{"line":55,"column":28}},"loc":{"start":{"line":55,"column":35},"end":{"line":55,"column":69}},"line":55},"11":{"name":"(anonymous_11)","decl":{"start":{"line":57,"column":13},"end":{"line":57,"column":14}},"loc":{"start":{"line":57,"column":22},"end":{"line":65,"column":7}},"line":57},"12":{"name":"(anonymous_12)","decl":{"start":{"line":61,"column":19},"end":{"line":61,"column":20}},"loc":{"start":{"line":61,"column":25},"end":{"line":63,"column":9}},"line":61},"13":{"name":"(anonymous_13)","decl":{"start":{"line":64,"column":30},"end":{"line":64,"column":31}},"loc":{"start":{"line":64,"column":35},"end":{"line":64,"column":46}},"line":64},"14":{"name":"(anonymous_14)","decl":{"start":{"line":68,"column":22},"end":{"line":68,"column":23}},"loc":{"start":{"line":68,"column":43},"end":{"line":82,"column":3}},"line":68},"15":{"name":"(anonymous_15)","decl":{"start":{"line":78,"column":17},"end":{"line":78,"column":18}},"loc":{"start":{"line":78,"column":23},"end":{"line":80,"column":7}},"line":78},"16":{"name":"(anonymous_16)","decl":{"start":{"line":84,"column":20},"end":{"line":84,"column":21}},"loc":{"start":{"line":85,"column":4},"end":{"line":90,"column":16}},"line":85},"17":{"name":"(anonymous_17)","decl":{"start":{"line":92,"column":19},"end":{"line":92,"column":20}},"loc":{"start":{"line":93,"column":4},"end":{"line":95,"column":16}},"line":93},"18":{"name":"(anonymous_18)","decl":{"start":{"line":112,"column":25},"end":{"line":112,"column":26}},"loc":{"start":{"line":112,"column":31},"end":{"line":112,"column":51}},"line":112},"19":{"name":"(anonymous_19)","decl":{"start":{"line":117,"column":25},"end":{"line":117,"column":26}},"loc":{"start":{"line":118,"column":10},"end":{"line":122,"column":12}},"line":118},"20":{"name":"(anonymous_20)","decl":{"start":{"line":121,"column":30},"end":{"line":121,"column":31}},"loc":{"start":{"line":121,"column":36},"end":{"line":121,"column":63}},"line":121}},"branchMap":{"0":{"loc":{"start":{"line":28,"column":4},"end":{"line":32,"column":5}},"type":"if","locations":[{"start":{"line":28,"column":4},"end":{"line":32,"column":5}},{"start":{"line":28,"column":4},"end":{"line":32,"column":5}}],"line":28},"1":{"loc":{"start":{"line":44,"column":22},"end":{"line":46,"column":51}},"type":"cond-expr","locations":[{"start":{"line":45,"column":6},"end":{"line":45,"column":11}},{"start":{"line":46,"column":6},"end":{"line":46,"column":51}}],"line":44},"2":{"loc":{"start":{"line":55,"column":35},"end":{"line":55,"column":69}},"type":"cond-expr","locations":[{"start":{"line":55,"column":52},"end":{"line":55,"column":56}},{"start":{"line":55,"column":59},"end":{"line":55,"column":69}}],"line":55},"3":{"loc":{"start":{"line":103,"column":7},"end":{"line":108,"column":14}},"type":"cond-expr","locations":[{"start":{"line":104,"column":8},"end":{"line":104,"column":19}},{"start":{"line":105,"column":8},"end":{"line":108,"column":14}}],"line":103},"4":{"loc":{"start":{"line":113,"column":16},"end":{"line":113,"column":45}},"type":"cond-expr","locations":[{"start":{"line":113,"column":26},"end":{"line":113,"column":37}},{"start":{"line":113,"column":40},"end":{"line":113,"column":45}}],"line":113}},"s":{"0":0,"1":0,"2":0,"3":0,"4":0,"5":0,"6":0,"7":0,"8":0,"9":0,"10":0,"11":0,"12":0,"13":0,"14":0,"15":0,"16":0,"17":0,"18":0,"19":0,"20":0,"21":0,"22":0,"23":0,"24":0,"25":0,"26":0,"27":0,"28":0,"29":0,"30":0,"31":0,"32":0,"33":0,"34":0,"35":0,"36":0,"37":0,"38":0,"39":0,"40":0,"41":0,"42":0,"43":0,"44":0,"45":0,"46":0,"47":0,"48":0,"49":0},"f":{"0":0,"1":0,"2":0,"3":0,"4":0,"5":0,"6":0,"7":0,"8":0,"9":0,"10":0,"11":0,"12":0,"13":0,"14":0,"15":0,"16":0,"17":0,"18":0,"19":0,"20":0},"b":{"0":[0,0],"1":[0,0],"2":[0,0],"3":[0,0],"4":[0,0]}}
,"D:\\My_Projects\\Full_Stack_open_2021\\part_5\\notes\\src\\index.js": {"path":"D:\\My_Projects\\Full_Stack_open_2021\\part_5\\notes\\src\\index.js","statementMap":{"0":{"start":{"line":6,"column":2},"end":{"line":9,"column":3}}},"fnMap":{},"branchMap":{},"s":{"0":0},"f":{},"b":{}}
,"D:\\My_Projects\\Full_Stack_open_2021\\part_5\\notes\\src\\components\\Footer.jsx": {"path":"D:\\My_Projects\\Full_Stack_open_2021\\part_5\\notes\\src\\components\\Footer.jsx","statementMap":{"0":{"start":{"line":3,"column":15},"end":{"line":15,"column":1}},"1":{"start":{"line":4,"column":22},"end":{"line":8,"column":3}},"2":{"start":{"line":9,"column":2},"end":{"line":14,"column":3}}},"fnMap":{"0":{"name":"(anonymous_0)","decl":{"start":{"line":3,"column":15},"end":{"line":3,"column":16}},"loc":{"start":{"line":3,"column":21},"end":{"line":15,"column":1}},"line":3}},"branchMap":{},"s":{"0":0,"1":0,"2":0},"f":{"0":0},"b":{}}
,"D:\\My_Projects\\Full_Stack_open_2021\\part_5\\notes\\src\\components\\LoginForm.jsx": {"path":"D:\\My_Projects\\Full_Stack_open_2021\\part_5\\notes\\src\\components\\LoginForm.jsx","statementMap":{"0":{"start":{"line":3,"column":18},"end":{"line":43,"column":1}},"1":{"start":{"line":4,"column":34},"end":{"line":4,"column":46}},"2":{"start":{"line":5,"column":34},"end":{"line":5,"column":46}},"3":{"start":{"line":6,"column":31},"end":{"line":6,"column":72}},"4":{"start":{"line":6,"column":47},"end":{"line":6,"column":72}},"5":{"start":{"line":7,"column":31},"end":{"line":7,"column":72}},"6":{"start":{"line":7,"column":47},"end":{"line":7,"column":72}},"7":{"start":{"line":9,"column":22},"end":{"line":17,"column":3}},"8":{"start":{"line":10,"column":4},"end":{"line":10,"column":26}},"9":{"start":{"line":12,"column":4},"end":{"line":12,"column":19}},"10":{"start":{"line":13,"column":4},"end":{"line":13,"column":19}},"11":{"start":{"line":14,"column":4},"end":{"line":16,"column":6}},"12":{"start":{"line":19,"column":2},"end":{"line":42,"column":3}}},"fnMap":{"0":{"name":"(anonymous_0)","decl":{"start":{"line":3,"column":18},"end":{"line":3,"column":19}},"loc":{"start":{"line":3,"column":33},"end":{"line":43,"column":1}},"line":3},"1":{"name":"(anonymous_1)","decl":{"start":{"line":6,"column":31},"end":{"line":6,"column":32}},"loc":{"start":{"line":6,"column":47},"end":{"line":6,"column":72}},"line":6},"2":{"name":"(anonymous_2)","decl":{"start":{"line":7,"column":31},"end":{"line":7,"column":32}},"loc":{"start":{"line":7,"column":47},"end":{"line":7,"column":72}},"line":7},"3":{"name":"(anonymous_3)","decl":{"start":{"line":9,"column":22},"end":{"line":9,"column":23}},"loc":{"start":{"line":9,"column":39},"end":{"line":17,"column":3}},"line":9}},"branchMap":{},"s":{"0":0,"1":0,"2":0,"3":0,"4":0,"5":0,"6":0,"7":0,"8":0,"9":0,"10":0,"11":0,"12":0},"f":{"0":0,"1":0,"2":0,"3":0},"b":{}}
,"D:\\My_Projects\\Full_Stack_open_2021\\part_5\\notes\\src\\components\\Note.jsx": {"path":"D:\\My_Projects\\Full_Stack_open_2021\\part_5\\notes\\src\\components\\Note.jsx","statementMap":{"0":{"start":{"line":3,"column":13},"end":{"line":13,"column":1}},"1":{"start":{"line":4,"column":16},"end":{"line":5,"column":45}},"2":{"start":{"line":7,"column":2},"end":{"line":12,"column":3}}},"fnMap":{"0":{"name":"(anonymous_0)","decl":{"start":{"line":3,"column":13},"end":{"line":3,"column":14}},"loc":{"start":{"line":3,"column":45},"end":{"line":13,"column":1}},"line":3}},"branchMap":{"0":{"loc":{"start":{"line":4,"column":16},"end":{"line":5,"column":45}},"type":"cond-expr","locations":[{"start":{"line":5,"column":6},"end":{"line":5,"column":26}},{"start":{"line":5,"column":29},"end":{"line":5,"column":45}}],"line":4}},"s":{"0":1,"1":2,"2":2},"f":{"0":2},"b":{"0":[2,0]},"_coverageSchema":"1a1c01bbd47fc00a2c39e90264f33305004495a9","hash":"ea1e4b0669f7c75f80edc06394b933e228e55583"}
,"D:\\My_Projects\\Full_Stack_open_2021\\part_5\\notes\\src\\components\\NoteForm.jsx": {"path":"D:\\My_Projects\\Full_Stack_open_2021\\part_5\\notes\\src\\components\\NoteForm.jsx","statementMap":{"0":{"start":{"line":3,"column":17},"end":{"line":33,"column":1}},"1":{"start":{"line":4,"column":32},"end":{"line":4,"column":44}},"2":{"start":{"line":6,"column":23},"end":{"line":8,"column":3}},"3":{"start":{"line":7,"column":4},"end":{"line":7,"column":34}},"4":{"start":{"line":10,"column":18},"end":{"line":18,"column":3}},"5":{"start":{"line":11,"column":4},"end":{"line":11,"column":26}},"6":{"start":{"line":12,"column":4},"end":{"line":15,"column":6}},"7":{"start":{"line":17,"column":4},"end":{"line":17,"column":18}},"8":{"start":{"line":20,"column":2},"end":{"line":32,"column":3}}},"fnMap":{"0":{"name":"(anonymous_0)","decl":{"start":{"line":3,"column":17},"end":{"line":3,"column":18}},"loc":{"start":{"line":3,"column":37},"end":{"line":33,"column":1}},"line":3},"1":{"name":"(anonymous_1)","decl":{"start":{"line":6,"column":23},"end":{"line":6,"column":24}},"loc":{"start":{"line":6,"column":34},"end":{"line":8,"column":3}},"line":6},"2":{"name":"(anonymous_2)","decl":{"start":{"line":10,"column":18},"end":{"line":10,"column":19}},"loc":{"start":{"line":10,"column":29},"end":{"line":18,"column":3}},"line":10}},"branchMap":{},"s":{"0":1,"1":3,"2":3,"3":1,"4":3,"5":1,"6":1,"7":1,"8":3},"f":{"0":3,"1":1,"2":1},"b":{},"_coverageSchema":"1a1c01bbd47fc00a2c39e90264f33305004495a9","hash":"78d17063709024bd6f5a63ad4c64a3a627eb7ade"}
,"D:\\My_Projects\\Full_Stack_open_2021\\part_5\\notes\\src\\components\\Notification.jsx": {"path":"D:\\My_Projects\\Full_Stack_open_2021\\part_5\\notes\\src\\components\\Notification.jsx","statementMap":{"0":{"start":{"line":3,"column":21},"end":{"line":13,"column":3}},"1":{"start":{"line":4,"column":4},"end":{"line":6,"column":5}},"2":{"start":{"line":5,"column":6},"end":{"line":5,"column":17}},"3":{"start":{"line":8,"column":4},"end":{"line":12,"column":5}}},"fnMap":{"0":{"name":"(anonymous_0)","decl":{"start":{"line":3,"column":21},"end":{"line":3,"column":22}},"loc":{"start":{"line":3,"column":38},"end":{"line":13,"column":3}},"line":3}},"branchMap":{"0":{"loc":{"start":{"line":4,"column":4},"end":{"line":6,"column":5}},"type":"if","locations":[{"start":{"line":4,"column":4},"end":{"line":6,"column":5}},{"start":{"line":4,"column":4},"end":{"line":6,"column":5}}],"line":4}},"s":{"0":0,"1":0,"2":0,"3":0},"f":{"0":0},"b":{"0":[0,0]}}
,"D:\\My_Projects\\Full_Stack_open_2021\\part_5\\notes\\src\\components\\Togglable.jsx": {"path":"D:\\My_Projects\\Full_Stack_open_2021\\part_5\\notes\\src\\components\\Togglable.jsx","statementMap":{"0":{"start":{"line":4,"column":18},"end":{"line":31,"column":2}},"1":{"start":{"line":5,"column":32},"end":{"line":5,"column":47}},"2":{"start":{"line":7,"column":26},"end":{"line":7,"column":60}},"3":{"start":{"line":8,"column":26},"end":{"line":8,"column":60}},"4":{"start":{"line":10,"column":27},"end":{"line":12,"column":3}},"5":{"start":{"line":11,"column":4},"end":{"line":11,"column":24}},"6":{"start":{"line":14,"column":2},"end":{"line":18,"column":4}},"7":{"start":{"line":15,"column":4},"end":{"line":17,"column":5}},"8":{"start":{"line":20,"column":2},"end":{"line":30,"column":3}},"9":{"start":{"line":33,"column":0},"end":{"line":33,"column":35}},"10":{"start":{"line":35,"column":0},"end":{"line":37,"column":1}}},"fnMap":{"0":{"name":"(anonymous_0)","decl":{"start":{"line":4,"column":35},"end":{"line":4,"column":36}},"loc":{"start":{"line":4,"column":51},"end":{"line":31,"column":1}},"line":4},"1":{"name":"(anonymous_1)","decl":{"start":{"line":10,"column":27},"end":{"line":10,"column":28}},"loc":{"start":{"line":10,"column":33},"end":{"line":12,"column":3}},"line":10},"2":{"name":"(anonymous_2)","decl":{"start":{"line":14,"column":27},"end":{"line":14,"column":28}},"loc":{"start":{"line":14,"column":33},"end":{"line":18,"column":3}},"line":14}},"branchMap":{"0":{"loc":{"start":{"line":7,"column":37},"end":{"line":7,"column":58}},"type":"cond-expr","locations":[{"start":{"line":7,"column":47},"end":{"line":7,"column":53}},{"start":{"line":7,"column":56},"end":{"line":7,"column":58}}],"line":7},"1":{"loc":{"start":{"line":8,"column":37},"end":{"line":8,"column":58}},"type":"cond-expr","locations":[{"start":{"line":8,"column":47},"end":{"line":8,"column":49}},{"start":{"line":8,"column":52},"end":{"line":8,"column":58}}],"line":8}},"s":{"0":1,"1":7,"2":7,"3":7,"4":7,"5":3,"6":7,"7":0,"8":7,"9":1,"10":1},"f":{"0":7,"1":3,"2":0},"b":{"0":[2,5],"1":[2,5]},"_coverageSchema":"1a1c01bbd47fc00a2c39e90264f33305004495a9","hash":"0994d40b6be56af195d7df13cc6dde93b67d9f88"}
,"D:\\My_Projects\\Full_Stack_open_2021\\part_5\\notes\\src\\services\\login.js": {"path":"D:\\My_Projects\\Full_Stack_open_2021\\part_5\\notes\\src\\services\\login.js","statementMap":{"0":{"start":{"line":2,"column":16},"end":{"line":2,"column":28}},"1":{"start":{"line":4,"column":14},"end":{"line":7,"column":3}},"2":{"start":{"line":5,"column":21},"end":{"line":5,"column":59}},"3":{"start":{"line":6,"column":4},"end":{"line":6,"column":24}}},"fnMap":{"0":{"name":"(anonymous_0)","decl":{"start":{"line":4,"column":14},"end":{"line":4,"column":15}},"loc":{"start":{"line":4,"column":37},"end":{"line":7,"column":3}},"line":4}},"branchMap":{},"s":{"0":0,"1":0,"2":0,"3":0},"f":{"0":0},"b":{}}
,"D:\\My_Projects\\Full_Stack_open_2021\\part_5\\notes\\src\\services\\notes.js": {"path":"D:\\My_Projects\\Full_Stack_open_2021\\part_5\\notes\\src\\services\\notes.js","statementMap":{"0":{"start":{"line":3,"column":16},"end":{"line":3,"column":28}},"1":{"start":{"line":5,"column":12},"end":{"line":5,"column":16}},"2":{"start":{"line":6,"column":17},"end":{"line":8,"column":1}},"3":{"start":{"line":7,"column":2},"end":{"line":7,"column":30}},"4":{"start":{"line":10,"column":15},"end":{"line":13,"column":1}},"5":{"start":{"line":11,"column":20},"end":{"line":11,"column":38}},"6":{"start":{"line":12,"column":4},"end":{"line":12,"column":50}},"7":{"start":{"line":12,"column":36},"end":{"line":12,"column":49}},"8":{"start":{"line":15,"column":15},"end":{"line":21,"column":1}},"9":{"start":{"line":16,"column":19},"end":{"line":18,"column":5}},"10":{"start":{"line":19,"column":21},"end":{"line":19,"column":65}},"11":{"start":{"line":20,"column":4},"end":{"line":20,"column":24}},"12":{"start":{"line":23,"column":15},"end":{"line":26,"column":1}},"13":{"start":{"line":24,"column":20},"end":{"line":24,"column":60}},"14":{"start":{"line":25,"column":4},"end":{"line":25,"column":50}},"15":{"start":{"line":25,"column":36},"end":{"line":25,"column":49}},"16":{"start":{"line":27,"column":20},"end":{"line":27,"column":54}}},"fnMap":{"0":{"name":"(anonymous_0)","decl":{"start":{"line":6,"column":17},"end":{"line":6,"column":18}},"loc":{"start":{"line":6,"column":29},"end":{"line":8,"column":1}},"line":6},"1":{"name":"(anonymous_1)","decl":{"start":{"line":10,"column":15},"end":{"line":10,"column":16}},"loc":{"start":{"line":10,"column":21},"end":{"line":13,"column":1}},"line":10},"2":{"name":"(anonymous_2)","decl":{"start":{"line":12,"column":24},"end":{"line":12,"column":25}},"loc":{"start":{"line":12,"column":36},"end":{"line":12,"column":49}},"line":12},"3":{"name":"(anonymous_3)","decl":{"start":{"line":15,"column":15},"end":{"line":15,"column":16}},"loc":{"start":{"line":15,"column":36},"end":{"line":21,"column":1}},"line":15},"4":{"name":"(anonymous_4)","decl":{"start":{"line":23,"column":15},"end":{"line":23,"column":16}},"loc":{"start":{"line":23,"column":34},"end":{"line":26,"column":1}},"line":23},"5":{"name":"(anonymous_5)","decl":{"start":{"line":25,"column":24},"end":{"line":25,"column":25}},"loc":{"start":{"line":25,"column":36},"end":{"line":25,"column":49}},"line":25}},"branchMap":{},"s":{"0":0,"1":0,"2":0,"3":0,"4":0,"5":0,"6":0,"7":0,"8":0,"9":0,"10":0,"11":0,"12":0,"13":0,"14":0,"15":0,"16":0},"f":{"0":0,"1":0,"2":0,"3":0,"4":0,"5":0},"b":{}}
}
